[debug] [2022-03-03T19:26:27.000Z] ----------------------------------------------------------------------
[debug] [2022-03-03T19:26:27.002Z] Command:       C:\Program Files\nodejs\node.exe C:\Users\alexb\AppData\Roaming\npm\node_modules\firebase-tools\lib\bin\firebase.js init
[debug] [2022-03-03T19:26:27.002Z] CLI Version:   10.2.2
[debug] [2022-03-03T19:26:27.002Z] Platform:      win32
[debug] [2022-03-03T19:26:27.002Z] Node Version:  v16.13.2
[debug] [2022-03-03T19:26:27.003Z] Time:          Thu Mar 03 2022 13:26:27 GMT-0600 (Central Standard Time)
[debug] [2022-03-03T19:26:27.003Z] ----------------------------------------------------------------------
[debug] 
[debug] [2022-03-03T19:26:27.059Z] > command requires scopes: ["email","openid","https://www.googleapis.com/auth/cloudplatformprojects.readonly","https://www.googleapis.com/auth/firebase","https://www.googleapis.com/auth/cloud-platform"]
[debug] [2022-03-03T19:26:27.059Z] > authorizing via signed-in user (alexbkirk@gmail.com)
[info] 
     ######## #### ########  ######## ########     ###     ######  ########
     ##        ##  ##     ## ##       ##     ##  ##   ##  ##       ##
     ######    ##  ########  ######   ########  #########  ######  ######
     ##        ##  ##    ##  ##       ##     ## ##     ##       ## ##
     ##       #### ##     ## ######## ########  ##     ##  ######  ########

You're about to initialize a Firebase project in this directory:

  C:\Users\alexb\Desktop\Projects\Personal\learningProjects\tictactoe

Before we get started, keep in mind:

  * You are initializing within an existing Firebase project directory

